<?xml version="1.0" encoding="UTF-8"?>
<!-- Generated by org.testng.reporters.JUnitXMLReporter -->
<testsuite ignored="0" hostname="LAPTOP-43J3MGE8" failures="1" tests="1" name="RegressionTest" time="80.295" errors="0" timestamp="2022-12-05T08:31:31 IST">
  <testcase classname="ai.ds.testLayer.LoginPageTest" name="verifyLogTest" time="0.708">
    <failure type="java.lang.AssertionError" message="null">
      <![CDATA[java.lang.AssertionError: null
at ai.ds.testLayer.LoginPageTest.verifyLogTest(LoginPageTest.java:19)
at java.base/java.util.ArrayList.forEach(ArrayList.java:1511)
... Removed 27 stack frames]]>
    </failure>
  </testcase> <!-- verifyLogTest -->
</testsuite> <!-- RegressionTest -->
